Build started 21.01.2026 21:43:02.
     1>Project "D:\MyProject\FQW\Eco.Toolchain\Eco.Framework\Eco.BinaryTree1\AssemblyFiles\Windows\VisualStudio_10\Eco.BinaryTree1.vcxproj" on node 2 (rebuild target(s)).
     1>InitializeBuildStatus:
         Creating "Eco.BinaryTree1\DynamicDebug\Eco.BinaryTree1.unsuccessfulbuild" because "AlwaysCreate" was specified.
       ClCompile:
         D:\Program Files (x86)\Microsoft Visual Studio 10.0\VC\bin\CL.exe /c /I..\..\..\HeaderFiles /I..\..\..\SharedFiles /ID:\Downloads\Eco.Framework\Eco.Core1\SharedFiles /ID:\Downloads\Eco.Framework\Eco.InterfaceBus1\SharedFiles /ID:\Downloads\Eco.Framework\Eco.System1\SharedFiles /ID:\Downloads\Eco.Framework\Eco.MemoryManager1\SharedFiles /ID:\Downloads\Eco.Framework\Eco.FileSystemManagement1\SharedFiles /ID:\Downloads\Eco.Framework\Eco.List1\SharedFiles /ID:\Downloads\Eco.Framework\Eco.String1\SharedFiles /ZI /nologo /W3 /WX- /Od /Oy- /D WIN32 /D _DEBUG /D _WINDOWS /D ECO_WINDOWS /D ECO_WIN32 /D ECO_X86_32 /D UGUID_UTILITY /D ECO_DLL /D _WINDLL /D _UNICODE /D UNICODE /Gm /EHsc /RTC1 /MTd /GS /fp:precise /Zc:wchar_t /Zc:forScope /Fo"Eco.BinaryTree1\DynamicDebug\\" /Fd"Eco.BinaryTree1\DynamicDebug\vc100.pdb" /Gz /TC /analyze- /errorReport:prompt ..\..\..\SourceFiles\CEcoBinaryTree1.c ..\..\..\SourceFiles\CEcoBinaryTree1Factory.c ..\..\..\SourceFiles\CEcoBinaryTree1Node.c
         CEcoBinaryTree1Node.c
         CEcoBinaryTree1Factory.c
         CEcoBinaryTree1.c
         Generating Code...
       ResourceCompile:
         C:\Program Files (x86)\Microsoft SDKs\Windows\v7.0A\bin\rc.exe /D _UNICODE /D UNICODE /l"0x0409" /nologo /fo"Eco.BinaryTree1\DynamicDebug\Eco.BinaryTree1.res" Eco.BinaryTree1.rc 
       MakeDirsForLink:
         Creating directory "D:\MyProject\FQW\Eco.Toolchain\Eco.Framework\Eco.BinaryTree1\AssemblyFiles\Windows\VisualStudio_10\..\..\..\BuildFiles\Windows\x86\DynamicDebug".
     1>C:\Program Files (x86)\MSBuild\Microsoft.Cpp\v4.0\Microsoft.CppBuild.targets(990,5): warning MSB8012: TargetPath(D:\MyProject\FQW\Eco.Toolchain\Eco.Framework\Eco.BinaryTree1\AssemblyFiles\Windows\VisualStudio_10\Eco.BinaryTree1\DynamicDebug\7CAD4D0215EF4EDFB1FF6A7CAF1C3D6C.dll) does not match the Linker's OutputFile property value (D:\MyProject\FQW\Eco.Toolchain\Eco.Framework\Eco.BinaryTree1\BuildFiles\Windows\x86\DynamicDebug\7CAD4D0215EF4EDFB1FF6A7CAF1C3D6C.dll). This may cause your project to build incorrectly. To correct this, please make sure that $(OutDir), $(TargetName) and $(TargetExt) property values match the value specified in %(Link.OutputFile).
       Link:
         D:\Program Files (x86)\Microsoft Visual Studio 10.0\VC\bin\link.exe /ERRORREPORT:PROMPT /OUT:"..\..\..\BuildFiles\Windows\x86\DynamicDebug\7CAD4D0215EF4EDFB1FF6A7CAF1C3D6C.dll" /NOLOGO kernel32.lib user32.lib gdi32.lib winspool.lib comdlg32.lib advapi32.lib shell32.lib ole32.lib oleaut32.lib uuid.lib odbc32.lib odbccp32.lib /MANIFEST /ManifestFile:"Eco.BinaryTree1\DynamicDebug\7CAD4D0215EF4EDFB1FF6A7CAF1C3D6C.dll.intermediate.manifest" /MANIFESTUAC:"level='asInvoker' uiAccess='false'" /DEBUG /PDB:"D:\MyProject\FQW\Eco.Toolchain\Eco.Framework\Eco.BinaryTree1\AssemblyFiles\Windows\VisualStudio_10\Eco.BinaryTree1\DynamicDebug\7CAD4D0215EF4EDFB1FF6A7CAF1C3D6C.pdb" /SUBSYSTEM:WINDOWS /LTCG /TLBID:1 /DYNAMICBASE /NXCOMPAT /IMPLIB:"D:\MyProject\FQW\Eco.Toolchain\Eco.Framework\Eco.BinaryTree1\AssemblyFiles\Windows\VisualStudio_10\Eco.BinaryTree1\DynamicDebug\7CAD4D0215EF4EDFB1FF6A7CAF1C3D6C.lib" /MACHINE:X86 /DLL Eco.BinaryTree1\DynamicDebug\Eco.BinaryTree1.res
         Eco.BinaryTree1\DynamicDebug\CEcoBinaryTree1.obj
         Eco.BinaryTree1\DynamicDebug\CEcoBinaryTree1Factory.obj
         Eco.BinaryTree1\DynamicDebug\CEcoBinaryTree1Node.obj
            Creating library D:\MyProject\FQW\Eco.Toolchain\Eco.Framework\Eco.BinaryTree1\AssemblyFiles\Windows\VisualStudio_10\Eco.BinaryTree1\DynamicDebug\7CAD4D0215EF4EDFB1FF6A7CAF1C3D6C.lib and object D:\MyProject\FQW\Eco.Toolchain\Eco.Framework\Eco.BinaryTree1\AssemblyFiles\Windows\VisualStudio_10\Eco.BinaryTree1\DynamicDebug\7CAD4D0215EF4EDFB1FF6A7CAF1C3D6C.exp
         LINK : /LTCG specified but no code generation required; remove /LTCG from the link command line to improve linker performance
         Eco.BinaryTree1.vcxproj -> D:\MyProject\FQW\Eco.Toolchain\Eco.Framework\Eco.BinaryTree1\AssemblyFiles\Windows\VisualStudio_10\Eco.BinaryTree1\DynamicDebug\7CAD4D0215EF4EDFB1FF6A7CAF1C3D6C.dll
       Manifest:
         C:\Program Files (x86)\Microsoft SDKs\Windows\v7.0A\bin\mt.exe /nologo /verbose /outputresource:"..\..\..\BuildFiles\Windows\x86\DynamicDebug\7CAD4D0215EF4EDFB1FF6A7CAF1C3D6C.dll;#2" /manifest Eco.BinaryTree1\DynamicDebug\7CAD4D0215EF4EDFB1FF6A7CAF1C3D6C.dll.intermediate.manifest
       FinalizeBuildStatus:
         Deleting file "Eco.BinaryTree1\DynamicDebug\Eco.BinaryTree1.unsuccessfulbuild".
         Touching "Eco.BinaryTree1\DynamicDebug\Eco.BinaryTree1.lastbuildstate".
     1>Done Building Project "D:\MyProject\FQW\Eco.Toolchain\Eco.Framework\Eco.BinaryTree1\AssemblyFiles\Windows\VisualStudio_10\Eco.BinaryTree1.vcxproj" (rebuild target(s)).

Build succeeded.

Time Elapsed 00:00:01.57
