Build started 24.02.2026 17:51:33.
     1>Project "D:\MyProject\FQW\Eco.Toolchain\Eco.Framework\Eco.BRE1\AssemblyFiles\Windows\VisualStudio_10\Eco.BRE1.vcxproj" on node 2 (rebuild target(s)).
     1>_PrepareForClean:
         Deleting file "Eco.BRE1\StaticDebug\Eco.BRE1.lastbuildstate".
       InitializeBuildStatus:
         Touching "Eco.BRE1\StaticDebug\Eco.BRE1.unsuccessfulbuild".
       ClCompile:
         D:\Program Files (x86)\Microsoft Visual Studio 10.0\VC\bin\CL.exe /c /I..\..\..\HeaderFiles /I..\..\..\SharedFiles /ID:\Downloads\Eco.Framework\Eco.Core1\SharedFiles /ID:\Downloads\Eco.Framework\Eco.InterfaceBus1\SharedFiles /ID:\Downloads\Eco.Framework\Eco.System1\SharedFiles /ID:\Downloads\Eco.Framework\Eco.MemoryManager1\SharedFiles /ID:\Downloads\Eco.Framework\Eco.FileSystemManagement1\SharedFiles /ID:\Downloads\Eco.Framework\Eco.List1\SharedFiles /ID:\Downloads\Eco.Framework\Eco.BinaryTree1\SharedFiles /ID:\Downloads\Eco.Framework\Eco.FSM1\SharedFiles /ID:\Downloads\Eco.Framework\Eco.Data1\SharedFiles /ID:\Downloads\Eco.Framework\Eco.String1\SharedFiles /ZI /nologo /W3 /WX- /Od /Oy- /D WIN32 /D _DEBUG /D _WINDOWS /D ECO_WINDOWS /D ECO_WIN32 /D ECO_X86_32 /D UGUID_UTILITY /D ECO_LIB /D _UNICODE /D UNICODE /Gm /EHsc /RTC1 /MTd /GS /fp:precise /Zc:wchar_t /Zc:forScope /Fo"Eco.BRE1\StaticDebug\\" /Fd"Eco.BRE1\StaticDebug\vc100.pdb" /Gz /TC /analyze- /errorReport:prompt ..\..\..\SourceFiles\CEcoBRE1.c ..\..\..\SourceFiles\CEcoBRE1Builder.c ..\..\..\SourceFiles\CEcoBRE1Factory.c ..\..\..\SourceFiles\CEcoBRE1RegEx.c ..\..\..\SourceFiles\CEcoBRE1EnumMatches.c
         CEcoBRE1EnumMatches.c
         CEcoBRE1RegEx.c
         CEcoBRE1Factory.c
         CEcoBRE1Builder.c
     1>d:\myproject\fqw\eco.toolchain\eco.framework\eco.bre1\sourcefiles\cecobre1builder.c(431): warning C4566: character represented by universal-character-name '\u03B5' cannot be represented in the current code page (1251)
         CEcoBRE1.c
         Generating Code...
     1>C:\Program Files (x86)\MSBuild\Microsoft.Cpp\v4.0\Microsoft.CppBuild.targets(1151,5): warning MSB8012: TargetPath(D:\MyProject\FQW\Eco.Toolchain\Eco.Framework\Eco.BRE1\AssemblyFiles\Windows\VisualStudio_10\Eco.BRE1\StaticDebug\755D526AEBF943E9B4AA4F860E0B7D40.lib) does not match the Library's OutputFile property value (D:\MyProject\FQW\Eco.Toolchain\Eco.Framework\Eco.BRE1\BuildFiles\Windows\x86\StaticDebug\755D526AEBF943E9B4AA4F860E0B7D40.lib). This may cause your project to build incorrectly. To correct this, please make sure that $(OutDir), $(TargetName) and $(TargetExt) property values match the value specified in %(Lib.OutputFile).
       Lib:
         D:\Program Files (x86)\Microsoft Visual Studio 10.0\VC\bin\Lib.exe /OUT:"..\..\..\BuildFiles\Windows\x86\StaticDebug\755D526AEBF943E9B4AA4F860E0B7D40.lib" /NOLOGO /LTCG Eco.BRE1\StaticDebug\CEcoBRE1.obj
         Eco.BRE1\StaticDebug\CEcoBRE1Builder.obj
         Eco.BRE1\StaticDebug\CEcoBRE1Factory.obj
         Eco.BRE1\StaticDebug\CEcoBRE1RegEx.obj
         Eco.BRE1\StaticDebug\CEcoBRE1EnumMatches.obj
         Eco.BRE1.vcxproj -> D:\MyProject\FQW\Eco.Toolchain\Eco.Framework\Eco.BRE1\AssemblyFiles\Windows\VisualStudio_10\Eco.BRE1\StaticDebug\755D526AEBF943E9B4AA4F860E0B7D40.lib
       FinalizeBuildStatus:
         Deleting file "Eco.BRE1\StaticDebug\Eco.BRE1.unsuccessfulbuild".
         Touching "Eco.BRE1\StaticDebug\Eco.BRE1.lastbuildstate".
     1>Done Building Project "D:\MyProject\FQW\Eco.Toolchain\Eco.Framework\Eco.BRE1\AssemblyFiles\Windows\VisualStudio_10\Eco.BRE1.vcxproj" (rebuild target(s)).

Build succeeded.

Time Elapsed 00:00:00.95
